<?xml version="1.0" encoding="UTF-8"?>
<!-- Generated by org.testng.reporters.JUnitXMLReporter -->
<testsuite hostname="IITC-WS-DT58" ignored="0" name="Default test" tests="4" failures="0" timestamp="06 Feb 2020 12:06:13 GMT" time="0.031" errors="0">
  <testcase name="division" time="0.016" classname="demoMavenPackage.TestClass1"/>
  <testcase name="multiply" time="0.0" classname="demoMavenPackage.TestClass1"/>
  <testcase name="subtraction" time="0.0" classname="demoMavenPackage.TestClass1"/>
  <testcase name="sum" time="0.0" classname="demoMavenPackage.TestClass1"/>
</testsuite> <!-- Default test -->
