<?xml version="1.0" encoding="UTF-8"?>
<testng-results skipped="0" failed="0" ignored="0" total="4" passed="4">
  <reporter-output>
  </reporter-output>
  <suite name="Default suite" duration-ms="31" started-at="2020-02-06T12:06:13Z" finished-at="2020-02-06T12:06:13Z">
    <groups>
    </groups>
    <test name="Default test" duration-ms="31" started-at="2020-02-06T12:06:13Z" finished-at="2020-02-06T12:06:13Z">
      <class name="demoMavenPackage.TestClass1">
        <test-method status="PASS" signature="division()[pri:0, instance:demoMavenPackage.TestClass1@6767c1fc]" name="division" duration-ms="16" started-at="2020-02-06T12:06:13Z" finished-at="2020-02-06T12:06:13Z">
          <reporter-output>
          </reporter-output>
        </test-method> <!-- division -->
        <test-method status="PASS" signature="subtraction()[pri:0, instance:demoMavenPackage.TestClass1@6767c1fc]" name="subtraction" duration-ms="0" started-at="2020-02-06T12:06:13Z" finished-at="2020-02-06T12:06:13Z">
          <reporter-output>
          </reporter-output>
        </test-method> <!-- subtraction -->
        <test-method status="PASS" signature="multiply()[pri:0, instance:demoMavenPackage.TestClass1@6767c1fc]" name="multiply" duration-ms="0" started-at="2020-02-06T12:06:13Z" finished-at="2020-02-06T12:06:13Z">
          <reporter-output>
          </reporter-output>
        </test-method> <!-- multiply -->
        <test-method status="PASS" signature="sum()[pri:0, instance:demoMavenPackage.TestClass1@6767c1fc]" name="sum" duration-ms="0" started-at="2020-02-06T12:06:13Z" finished-at="2020-02-06T12:06:13Z">
          <reporter-output>
          </reporter-output>
        </test-method> <!-- sum -->
      </class> <!-- demoMavenPackage.TestClass1 -->
    </test> <!-- Default test -->
  </suite> <!-- Default suite -->
</testng-results>
